2024-03-17 15:40:33 INFO  com.privat.logger.LoggingInterceptor 20 preHandle - Request Method::GET::Request URL::http://localhost:8080/api/users/3:: Start Time=1710682833505
2024-03-17 15:40:33 INFO  com.privat.logger.LoggingInterceptor 27 afterCompletion - Response Status::200::Time Taken=160
2024-03-17 15:41:02 INFO  com.privat.logger.LoggingInterceptor 20 preHandle - Request Method::POST::Request URL::http://localhost:8080/api/users/add:: Start Time=1710682862745
2024-03-17 15:41:02 INFO  com.privat.logger.LoggingInterceptor 27 afterCompletion - Response Status::200::Time Taken=188
2024-03-17 15:41:26 INFO  com.privat.logger.LoggingInterceptor 20 preHandle - Request Method::PUT::Request URL::http://localhost:8080/api/users/7:: Start Time=1710682886002
2024-03-17 15:41:26 INFO  com.privat.logger.LoggingInterceptor 27 afterCompletion - Response Status::200::Time Taken=25
2024-03-17 16:01:35 INFO  com.privat.logger.LoggingInterceptor 20 preHandle - Request Method::POST::Request URL::http://localhost:8080/api/:: Start Time=1710684095261
2024-03-17 16:01:35 INFO  com.privat.logger.LoggingInterceptor 27 afterCompletion - Response Status::404::Time Taken=10
2024-03-17 16:01:35 INFO  com.privat.logger.LoggingInterceptor 20 preHandle - Request Method::POST::Request URL::http://localhost:8080/error:: Start Time=1710684095292
2024-03-17 16:01:35 INFO  com.privat.logger.LoggingInterceptor 27 afterCompletion - Response Status::404::Time Taken=68
2024-03-17 16:04:22 INFO  com.privat.logger.LoggingInterceptor 20 preHandle - Request Method::POST::Request URL::http://localhost:8080/api/:: Start Time=1710684262479
2024-03-17 16:04:22 INFO  com.privat.logger.LoggingInterceptor 27 afterCompletion - Response Status::404::Time Taken=10
2024-03-17 16:04:22 INFO  com.privat.logger.LoggingInterceptor 20 preHandle - Request Method::POST::Request URL::http://localhost:8080/error:: Start Time=1710684262498
2024-03-17 16:04:22 INFO  com.privat.logger.LoggingInterceptor 27 afterCompletion - Response Status::404::Time Taken=65
2024-03-17 16:04:37 INFO  com.privat.logger.LoggingInterceptor 20 preHandle - Request Method::POST::Request URL::http://localhost:8080/api/users/:: Start Time=1710684277168
2024-03-17 16:04:37 INFO  com.privat.logger.LoggingInterceptor 27 afterCompletion - Response Status::404::Time Taken=2
2024-03-17 16:04:37 INFO  com.privat.logger.LoggingInterceptor 20 preHandle - Request Method::POST::Request URL::http://localhost:8080/error:: Start Time=1710684277171
2024-03-17 16:04:37 INFO  com.privat.logger.LoggingInterceptor 27 afterCompletion - Response Status::404::Time Taken=2
2024-03-17 16:07:55 INFO  com.privat.logger.LoggingInterceptor 20 preHandle - Request Method::POST::Request URL::http://localhost:8080/api/users/add:: Start Time=1710684475489
2024-03-17 16:07:55 INFO  com.privat.logger.LoggingInterceptor 27 afterCompletion - Response Status::200::Time Taken=296
2024-03-17 16:08:04 INFO  com.privat.logger.LoggingInterceptor 20 preHandle - Request Method::GET::Request URL::http://localhost:8080/api/users/5:: Start Time=1710684484004
2024-03-17 16:08:04 INFO  com.privat.logger.LoggingInterceptor 27 afterCompletion - Response Status::200::Time Taken=24
2024-03-17 16:08:17 INFO  com.privat.logger.LoggingInterceptor 20 preHandle - Request Method::POST::Request URL::http://localhost:8080/api/users/add:: Start Time=1710684497178
2024-03-17 16:08:17 INFO  com.privat.logger.LoggingInterceptor 27 afterCompletion - Response Status::404::Time Taken=7
2024-03-17 16:08:39 INFO  com.privat.logger.LoggingInterceptor 20 preHandle - Request Method::PUT::Request URL::http://localhost:8080/api/users/8:: Start Time=1710684519256
2024-03-17 16:08:39 INFO  com.privat.logger.LoggingInterceptor 27 afterCompletion - Response Status::200::Time Taken=16
2024-03-17 16:19:25 INFO  com.privat.logger.LoggingInterceptor 20 preHandle - Request Method::GET::Request URL::http://localhost:8080/api/users/8:: Start Time=1710685165415
2024-03-17 16:19:25 INFO  com.privat.logger.LoggingInterceptor 27 afterCompletion - Response Status::200::Time Taken=153
2024-03-17 16:19:43 INFO  com.privat.logger.LoggingInterceptor 20 preHandle - Request Method::POST::Request URL::http://localhost:8080/api/users/add:: Start Time=1710685183239
2024-03-17 16:19:43 INFO  com.privat.logger.LoggingInterceptor 27 afterCompletion - Response Status::200::Time Taken=177
2024-03-17 16:20:23 INFO  com.privat.logger.LoggingInterceptor 20 preHandle - Request Method::POST::Request URL::http://localhost:8080/api/users/add:: Start Time=1710685223347
2024-03-17 16:20:23 INFO  com.privat.logger.LoggingInterceptor 27 afterCompletion - Response Status::200::Time Taken=15
2024-03-17 16:20:23 INFO  com.privat.logger.LoggingInterceptor 20 preHandle - Request Method::POST::Request URL::http://localhost:8080/error:: Start Time=1710685223376
2024-03-17 16:20:23 INFO  com.privat.logger.LoggingInterceptor 27 afterCompletion - Response Status::500::Time Taken=14
